<?xml version="1.0" encoding="UTF-8" ?>
<testsuite tests="2" failures="0" name="LogProcessingTest" time="2.844" errors="2" skipped="0">
  <properties>
    <property name="java.runtime.name" value="Java(TM) SE Runtime Environment"/>
    <property name="java.vm.version" value="12.0.1+12"/>
    <property name="sun.boot.library.path" value="C:\Program Files\Java\jdk-12.0.1\bin"/>
    <property name="maven.multiModuleProjectDirectory" value="D:/учёба/8сем/ТХОБОД/lab3"/>
    <property name="java.vm.vendor" value="Oracle Corporation"/>
    <property name="java.vendor.url" value="https://java.oracle.com/"/>
    <property name="guice.disable.misplaced.annotation.check" value="true"/>
    <property name="path.separator" value=";"/>
    <property name="java.vm.name" value="Java HotSpot(TM) 64-Bit Server VM"/>
    <property name="sun.os.patch.level" value=""/>
    <property name="user.script" value=""/>
    <property name="user.country" value="RU"/>
    <property name="sun.java.launcher" value="SUN_STANDARD"/>
    <property name="java.vm.specification.name" value="Java Virtual Machine Specification"/>
    <property name="user.dir" value="D:\учёба\8сем\ТХОБОД\lab3"/>
    <property name="java.vm.compressedOopsMode" value="Zero based"/>
    <property name="java.runtime.version" value="12.0.1+12"/>
    <property name="java.awt.graphicsenv" value="sun.awt.Win32GraphicsEnvironment"/>
    <property name="os.arch" value="amd64"/>
    <property name="java.io.tmpdir" value="C:\Users\User\AppData\Local\Temp\"/>
    <property name="line.separator" value="
"/>
    <property name="java.vm.specification.vendor" value="Oracle Corporation"/>
    <property name="user.variant" value=""/>
    <property name="os.name" value="Windows 10"/>
    <property name="classworlds.conf" value="C:/Program Files/apache-maven-3.5.4/bin/m2.conf"/>
    <property name="sun.jnu.encoding" value="Cp1251"/>
    <property name="java.library.path" value="C:\Program Files\Java\jdk-12.0.1\bin;C:\Windows\Sun\Java\bin;C:\Windows\system32;C:\Windows;C:\Users\User\bin;D:\Program Files\Git\mingw64\bin;D:\Program Files\Git\usr\local\bin;D:\Program Files\Git\usr\bin;D:\Program Files\Git\usr\bin;D:\Program Files\Git\mingw64\bin;D:\Program Files\Git\usr\bin;C:\Users\User\bin;C:\Program Files\NVIDIA GPU Computing Toolkit\CUDA\v9.0\bin;C:\Program Files\NVIDIA GPU Computing Toolkit\CUDA\v9.0\libnvvp;C:\Program Files\NVIDIA GPU Computing Toolkit\CUDA\v10.0\bin;C:\Program Files\NVIDIA GPU Computing Toolkit\CUDA\v10.0\libnvvp;C:\Program Files (x86)\Common Files\Oracle\Java\javapath;C:\Program Files\Microsoft MPI\Bin;C:\ProgramData\Oracle\Java\javapath;C:\Windows\system32;C:\Windows;C:\Windows\System32\Wbem;C:\Windows\System32\WindowsPowerShell\v1.0;C:\Program Files (x86)\NVIDIA Corporation\PhysX\Common;C:\WINDOWS\system32;C:\WINDOWS;C:\WINDOWS\System32\Wbem;C:\WINDOWS\System32\WindowsPowerShell\v1.0;C:\Program Files (x86)\Microsoft SQL Server\Client SDK\ODBC\130\Tools\Binn;C:\Program Files (x86)\Microsoft SQL Server\140\Tools\Binn;C:\Program Files (x86)\Microsoft SQL Server\140\DTS\Binn;C:\Program Files (x86)\Microsoft SQL Server\140\Tools\Binn\ManagementStudio;C:\Program Files\Microsoft SQL Server\140\Tools\Binn;C:\Program Files\Microsoft SQL Server\140\DTS\Binn;C:\Program Files\Microsoft SQL Server\Client SDK\ODBC\130\Tools\Binn;C:\Program Files\Microsoft SQL Server\130\Tools\Binn;C:\Program Files\Java\jre1.8.0_181\bin;C:\Program Files\NVIDIA Corporation\NVIDIA NvDLISR;D:\Program Files\Git\cmd;C:\Program Files\dotnet;C:\Program Files\Docker\Docker\resources\bin;C:\ProgramData\DockerDesktop\version-bin;C:\Users\User\AppData\Local\Programs\Python\Python36\Scripts;C:\Users\User\AppData\Local\Programs\Python\Python36;C:\Program Files\apache-maven-3.5.4\bin;C:\Program Files\JetBrains\PyCharm Community Edition 2018.3.4\bin;C:\Users\User\.dotnet\tools;C:\Program1\Microsoft VS Code\bin;D:\Program Files\Git\usr\bin\vendor_perl;D:\Program Files\Git\usr\bin\core_perl;."/>
    <property name="maven.conf" value="C:/Program Files/apache-maven-3.5.4/conf"/>
    <property name="jdk.debug" value="release"/>
    <property name="java.class.version" value="56.0"/>
    <property name="java.specification.name" value="Java Platform API Specification"/>
    <property name="sun.management.compiler" value="HotSpot 64-Bit Tiered Compilers"/>
    <property name="os.version" value="10.0"/>
    <property name="library.jansi.path" value="C:/Program Files/apache-maven-3.5.4/lib/jansi-native"/>
    <property name="user.home" value="C:\Users\User"/>
    <property name="user.timezone" value="Europe/Moscow"/>
    <property name="file.encoding" value="Cp1251"/>
    <property name="java.specification.version" value="12"/>
    <property name="user.name" value="User"/>
    <property name="java.class.path" value="C:/Program Files/apache-maven-3.5.4/boot/plexus-classworlds-2.5.2.jar"/>
    <property name="java.vm.specification.version" value="12"/>
    <property name="sun.arch.data.model" value="64"/>
    <property name="sun.java.command" value="org.codehaus.plexus.classworlds.launcher.Launcher clean package"/>
    <property name="java.home" value="C:\Program Files\Java\jdk-12.0.1"/>
    <property name="user.language" value="ru"/>
    <property name="java.specification.vendor" value="Oracle Corporation"/>
    <property name="awt.toolkit" value="sun.awt.windows.WToolkit"/>
    <property name="java.vm.info" value="mixed mode, sharing"/>
    <property name="java.version" value="12.0.1"/>
    <property name="java.vendor" value="Oracle Corporation"/>
    <property name="maven.home" value="C:\Program Files\apache-maven-3.5.4"/>
    <property name="file.separator" value="\"/>
    <property name="java.version.date" value="2019-04-16"/>
    <property name="java.vendor.url.bug" value="https://bugreport.java.com/bugreport/"/>
    <property name="sun.io.unicode.encoding" value="UnicodeLittle"/>
    <property name="sun.cpu.endian" value="little"/>
    <property name="sun.desktop" value="windows"/>
    <property name="sun.cpu.isalist" value="amd64"/>
  </properties>
  <testcase classname="LogProcessingTest" name="getBrowserInfo" time="2.625">
    <error message="Cannot assign requested address: bind: Service &apos;sparkDriver&apos; failed after 16 retries (on a random free port)! Consider explicitly setting the appropriate binding address for the service &apos;sparkDriver&apos; (for example spark.driver.bindAddress for SparkDriver) to the correct binding address." type="java.net.BindException">java.net.BindException: Cannot assign requested address: bind: Service &apos;sparkDriver&apos; failed after 16 retries (on a random free port)! Consider explicitly setting the appropriate binding address for the service &apos;sparkDriver&apos; (for example spark.driver.bindAddress for SparkDriver) to the correct binding address.
	at java.base/sun.nio.ch.Net.bind0(Native Method)
	at java.base/sun.nio.ch.Net.bind(Net.java:455)
	at java.base/sun.nio.ch.Net.bind(Net.java:447)
	at java.base/sun.nio.ch.ServerSocketChannelImpl.bind(ServerSocketChannelImpl.java:219)
	at io.netty.channel.socket.nio.NioServerSocketChannel.doBind(NioServerSocketChannel.java:128)
	at io.netty.channel.AbstractChannel$AbstractUnsafe.bind(AbstractChannel.java:558)
	at io.netty.channel.DefaultChannelPipeline$HeadContext.bind(DefaultChannelPipeline.java:1283)
	at io.netty.channel.AbstractChannelHandlerContext.invokeBind(AbstractChannelHandlerContext.java:501)
	at io.netty.channel.AbstractChannelHandlerContext.bind(AbstractChannelHandlerContext.java:486)
	at io.netty.channel.DefaultChannelPipeline.bind(DefaultChannelPipeline.java:989)
	at io.netty.channel.AbstractChannel.bind(AbstractChannel.java:254)
	at io.netty.bootstrap.AbstractBootstrap$2.run(AbstractBootstrap.java:364)
	at io.netty.util.concurrent.AbstractEventExecutor.safeExecute(AbstractEventExecutor.java:163)
	at io.netty.util.concurrent.SingleThreadEventExecutor.runAllTasks(SingleThreadEventExecutor.java:403)
	at io.netty.channel.nio.NioEventLoop.run(NioEventLoop.java:463)
	at io.netty.util.concurrent.SingleThreadEventExecutor$5.run(SingleThreadEventExecutor.java:858)
	at io.netty.util.concurrent.DefaultThreadFactory$DefaultRunnableDecorator.run(DefaultThreadFactory.java:138)
	at java.base/java.lang.Thread.run(Thread.java:835)
</error>
    <system-err>Using Spark&apos;s default log4j profile: org/apache/spark/log4j-defaults.properties
20/02/25 21:09:18 INFO SparkContext: Running Spark version 2.4.4
20/02/25 21:09:18 WARN NativeCodeLoader: Unable to load native-hadoop library for your platform... using builtin-java classes where applicable
20/02/25 21:09:18 INFO SparkContext: Submitted application: Request reader
20/02/25 21:09:18 INFO SecurityManager: Changing view acls to: User
20/02/25 21:09:18 INFO SecurityManager: Changing modify acls to: User
20/02/25 21:09:18 INFO SecurityManager: Changing view acls groups to: 
20/02/25 21:09:18 INFO SecurityManager: Changing modify acls groups to: 
20/02/25 21:09:18 INFO SecurityManager: SecurityManager: authentication disabled; ui acls disabled; users  with view permissions: Set(User); groups with view permissions: Set(); users  with modify permissions: Set(User); groups with modify permissions: Set()
20/02/25 21:09:19 WARN Utils: Service &apos;sparkDriver&apos; could not bind on a random free port. You may check whether configuring an appropriate binding address.
20/02/25 21:09:19 WARN Utils: Service &apos;sparkDriver&apos; could not bind on a random free port. You may check whether configuring an appropriate binding address.
20/02/25 21:09:19 WARN Utils: Service &apos;sparkDriver&apos; could not bind on a random free port. You may check whether configuring an appropriate binding address.
20/02/25 21:09:19 WARN Utils: Service &apos;sparkDriver&apos; could not bind on a random free port. You may check whether configuring an appropriate binding address.
20/02/25 21:09:19 WARN Utils: Service &apos;sparkDriver&apos; could not bind on a random free port. You may check whether configuring an appropriate binding address.
20/02/25 21:09:19 WARN Utils: Service &apos;sparkDriver&apos; could not bind on a random free port. You may check whether configuring an appropriate binding address.
20/02/25 21:09:19 WARN Utils: Service &apos;sparkDriver&apos; could not bind on a random free port. You may check whether configuring an appropriate binding address.
20/02/25 21:09:19 WARN Utils: Service &apos;sparkDriver&apos; could not bind on a random free port. You may check whether configuring an appropriate binding address.
20/02/25 21:09:19 WARN Utils: Service &apos;sparkDriver&apos; could not bind on a random free port. You may check whether configuring an appropriate binding address.
20/02/25 21:09:19 WARN Utils: Service &apos;sparkDriver&apos; could not bind on a random free port. You may check whether configuring an appropriate binding address.
20/02/25 21:09:19 WARN Utils: Service &apos;sparkDriver&apos; could not bind on a random free port. You may check whether configuring an appropriate binding address.
20/02/25 21:09:19 WARN Utils: Service &apos;sparkDriver&apos; could not bind on a random free port. You may check whether configuring an appropriate binding address.
20/02/25 21:09:19 WARN Utils: Service &apos;sparkDriver&apos; could not bind on a random free port. You may check whether configuring an appropriate binding address.
20/02/25 21:09:19 WARN Utils: Service &apos;sparkDriver&apos; could not bind on a random free port. You may check whether configuring an appropriate binding address.
20/02/25 21:09:19 WARN Utils: Service &apos;sparkDriver&apos; could not bind on a random free port. You may check whether configuring an appropriate binding address.
20/02/25 21:09:19 WARN Utils: Service &apos;sparkDriver&apos; could not bind on a random free port. You may check whether configuring an appropriate binding address.
20/02/25 21:09:19 ERROR SparkContext: Error initializing SparkContext.
java.net.BindException: Cannot assign requested address: bind: Service &apos;sparkDriver&apos; failed after 16 retries (on a random free port)! Consider explicitly setting the appropriate binding address for the service &apos;sparkDriver&apos; (for example spark.driver.bindAddress for SparkDriver) to the correct binding address.
	at java.base/sun.nio.ch.Net.bind0(Native Method)
	at java.base/sun.nio.ch.Net.bind(Net.java:455)
	at java.base/sun.nio.ch.Net.bind(Net.java:447)
	at java.base/sun.nio.ch.ServerSocketChannelImpl.bind(ServerSocketChannelImpl.java:219)
	at io.netty.channel.socket.nio.NioServerSocketChannel.doBind(NioServerSocketChannel.java:128)
	at io.netty.channel.AbstractChannel$AbstractUnsafe.bind(AbstractChannel.java:558)
	at io.netty.channel.DefaultChannelPipeline$HeadContext.bind(DefaultChannelPipeline.java:1283)
	at io.netty.channel.AbstractChannelHandlerContext.invokeBind(AbstractChannelHandlerContext.java:501)
	at io.netty.channel.AbstractChannelHandlerContext.bind(AbstractChannelHandlerContext.java:486)
	at io.netty.channel.DefaultChannelPipeline.bind(DefaultChannelPipeline.java:989)
	at io.netty.channel.AbstractChannel.bind(AbstractChannel.java:254)
	at io.netty.bootstrap.AbstractBootstrap$2.run(AbstractBootstrap.java:364)
	at io.netty.util.concurrent.AbstractEventExecutor.safeExecute(AbstractEventExecutor.java:163)
	at io.netty.util.concurrent.SingleThreadEventExecutor.runAllTasks(SingleThreadEventExecutor.java:403)
	at io.netty.channel.nio.NioEventLoop.run(NioEventLoop.java:463)
	at io.netty.util.concurrent.SingleThreadEventExecutor$5.run(SingleThreadEventExecutor.java:858)
	at io.netty.util.concurrent.DefaultThreadFactory$DefaultRunnableDecorator.run(DefaultThreadFactory.java:138)
	at java.base/java.lang.Thread.run(Thread.java:835)
20/02/25 21:09:19 INFO SparkContext: Successfully stopped SparkContext
</system-err>
  </testcase>
  <testcase classname="LogProcessingTest" name="getRequestsInfo" time="0.219">
    <error message="Cannot assign requested address: bind: Service &apos;sparkDriver&apos; failed after 16 retries (on a random free port)! Consider explicitly setting the appropriate binding address for the service &apos;sparkDriver&apos; (for example spark.driver.bindAddress for SparkDriver) to the correct binding address." type="java.net.BindException">java.net.BindException: Cannot assign requested address: bind: Service &apos;sparkDriver&apos; failed after 16 retries (on a random free port)! Consider explicitly setting the appropriate binding address for the service &apos;sparkDriver&apos; (for example spark.driver.bindAddress for SparkDriver) to the correct binding address.
	at java.base/sun.nio.ch.Net.bind0(Native Method)
	at java.base/sun.nio.ch.Net.bind(Net.java:455)
	at java.base/sun.nio.ch.Net.bind(Net.java:447)
	at java.base/sun.nio.ch.ServerSocketChannelImpl.bind(ServerSocketChannelImpl.java:219)
	at io.netty.channel.socket.nio.NioServerSocketChannel.doBind(NioServerSocketChannel.java:128)
	at io.netty.channel.AbstractChannel$AbstractUnsafe.bind(AbstractChannel.java:558)
	at io.netty.channel.DefaultChannelPipeline$HeadContext.bind(DefaultChannelPipeline.java:1283)
	at io.netty.channel.AbstractChannelHandlerContext.invokeBind(AbstractChannelHandlerContext.java:501)
	at io.netty.channel.AbstractChannelHandlerContext.bind(AbstractChannelHandlerContext.java:486)
	at io.netty.channel.DefaultChannelPipeline.bind(DefaultChannelPipeline.java:989)
	at io.netty.channel.AbstractChannel.bind(AbstractChannel.java:254)
	at io.netty.bootstrap.AbstractBootstrap$2.run(AbstractBootstrap.java:364)
	at io.netty.util.concurrent.AbstractEventExecutor.safeExecute(AbstractEventExecutor.java:163)
	at io.netty.util.concurrent.SingleThreadEventExecutor.runAllTasks(SingleThreadEventExecutor.java:403)
	at io.netty.channel.nio.NioEventLoop.run(NioEventLoop.java:463)
	at io.netty.util.concurrent.SingleThreadEventExecutor$5.run(SingleThreadEventExecutor.java:858)
	at io.netty.util.concurrent.DefaultThreadFactory$DefaultRunnableDecorator.run(DefaultThreadFactory.java:138)
	at java.base/java.lang.Thread.run(Thread.java:835)
</error>
    <system-err>20/02/25 21:09:19 WARN SparkContext: Another SparkContext is being constructed (or threw an exception in its constructor).  This may indicate an error, since only one SparkContext may be running in this JVM (see SPARK-2243). The other SparkContext was created at:
org.apache.spark.api.java.JavaSparkContext.&lt;init&gt;(JavaSparkContext.scala:58)
LogProcessing.&lt;init&gt;(LogProcessing.java:23)
LogProcessingTest.getBrowserInfo(LogProcessingTest.java:35)
java.base/jdk.internal.reflect.NativeMethodAccessorImpl.invoke0(Native Method)
java.base/jdk.internal.reflect.NativeMethodAccessorImpl.invoke(NativeMethodAccessorImpl.java:62)
java.base/jdk.internal.reflect.DelegatingMethodAccessorImpl.invoke(DelegatingMethodAccessorImpl.java:43)
java.base/java.lang.reflect.Method.invoke(Method.java:567)
org.junit.runners.model.FrameworkMethod$1.runReflectiveCall(FrameworkMethod.java:50)
org.junit.internal.runners.model.ReflectiveCallable.run(ReflectiveCallable.java:12)
org.junit.runners.model.FrameworkMethod.invokeExplosively(FrameworkMethod.java:47)
org.junit.internal.runners.statements.InvokeMethod.evaluate(InvokeMethod.java:17)
org.junit.runners.ParentRunner.runLeaf(ParentRunner.java:325)
org.junit.runners.BlockJUnit4ClassRunner.runChild(BlockJUnit4ClassRunner.java:78)
org.junit.runners.BlockJUnit4ClassRunner.runChild(BlockJUnit4ClassRunner.java:57)
org.junit.runners.ParentRunner$3.run(ParentRunner.java:290)
org.junit.runners.ParentRunner$1.schedule(ParentRunner.java:71)
org.junit.runners.ParentRunner.runChildren(ParentRunner.java:288)
org.junit.runners.ParentRunner.access$000(ParentRunner.java:58)
org.junit.runners.ParentRunner$2.evaluate(ParentRunner.java:268)
org.junit.runners.ParentRunner.run(ParentRunner.java:363)
20/02/25 21:09:19 INFO SparkContext: Running Spark version 2.4.4
20/02/25 21:09:19 INFO SparkContext: Submitted application: Request reader
20/02/25 21:09:19 INFO SecurityManager: Changing view acls to: User
20/02/25 21:09:19 INFO SecurityManager: Changing modify acls to: User
20/02/25 21:09:19 INFO SecurityManager: Changing view acls groups to: 
20/02/25 21:09:19 INFO SecurityManager: Changing modify acls groups to: 
20/02/25 21:09:19 INFO SecurityManager: SecurityManager: authentication disabled; ui acls disabled; users  with view permissions: Set(User); groups with view permissions: Set(); users  with modify permissions: Set(User); groups with modify permissions: Set()
20/02/25 21:09:19 WARN Utils: Service &apos;sparkDriver&apos; could not bind on a random free port. You may check whether configuring an appropriate binding address.
20/02/25 21:09:19 WARN Utils: Service &apos;sparkDriver&apos; could not bind on a random free port. You may check whether configuring an appropriate binding address.
20/02/25 21:09:20 WARN Utils: Service &apos;sparkDriver&apos; could not bind on a random free port. You may check whether configuring an appropriate binding address.
20/02/25 21:09:20 WARN Utils: Service &apos;sparkDriver&apos; could not bind on a random free port. You may check whether configuring an appropriate binding address.
20/02/25 21:09:20 WARN Utils: Service &apos;sparkDriver&apos; could not bind on a random free port. You may check whether configuring an appropriate binding address.
20/02/25 21:09:20 WARN Utils: Service &apos;sparkDriver&apos; could not bind on a random free port. You may check whether configuring an appropriate binding address.
20/02/25 21:09:20 WARN Utils: Service &apos;sparkDriver&apos; could not bind on a random free port. You may check whether configuring an appropriate binding address.
20/02/25 21:09:20 WARN Utils: Service &apos;sparkDriver&apos; could not bind on a random free port. You may check whether configuring an appropriate binding address.
20/02/25 21:09:20 WARN Utils: Service &apos;sparkDriver&apos; could not bind on a random free port. You may check whether configuring an appropriate binding address.
20/02/25 21:09:20 WARN Utils: Service &apos;sparkDriver&apos; could not bind on a random free port. You may check whether configuring an appropriate binding address.
20/02/25 21:09:20 WARN Utils: Service &apos;sparkDriver&apos; could not bind on a random free port. You may check whether configuring an appropriate binding address.
20/02/25 21:09:20 WARN Utils: Service &apos;sparkDriver&apos; could not bind on a random free port. You may check whether configuring an appropriate binding address.
20/02/25 21:09:20 WARN Utils: Service &apos;sparkDriver&apos; could not bind on a random free port. You may check whether configuring an appropriate binding address.
20/02/25 21:09:20 WARN Utils: Service &apos;sparkDriver&apos; could not bind on a random free port. You may check whether configuring an appropriate binding address.
20/02/25 21:09:20 WARN Utils: Service &apos;sparkDriver&apos; could not bind on a random free port. You may check whether configuring an appropriate binding address.
20/02/25 21:09:20 WARN Utils: Service &apos;sparkDriver&apos; could not bind on a random free port. You may check whether configuring an appropriate binding address.
20/02/25 21:09:20 ERROR SparkContext: Error initializing SparkContext.
java.net.BindException: Cannot assign requested address: bind: Service &apos;sparkDriver&apos; failed after 16 retries (on a random free port)! Consider explicitly setting the appropriate binding address for the service &apos;sparkDriver&apos; (for example spark.driver.bindAddress for SparkDriver) to the correct binding address.
	at java.base/sun.nio.ch.Net.bind0(Native Method)
	at java.base/sun.nio.ch.Net.bind(Net.java:455)
	at java.base/sun.nio.ch.Net.bind(Net.java:447)
	at java.base/sun.nio.ch.ServerSocketChannelImpl.bind(ServerSocketChannelImpl.java:219)
	at io.netty.channel.socket.nio.NioServerSocketChannel.doBind(NioServerSocketChannel.java:128)
	at io.netty.channel.AbstractChannel$AbstractUnsafe.bind(AbstractChannel.java:558)
	at io.netty.channel.DefaultChannelPipeline$HeadContext.bind(DefaultChannelPipeline.java:1283)
	at io.netty.channel.AbstractChannelHandlerContext.invokeBind(AbstractChannelHandlerContext.java:501)
	at io.netty.channel.AbstractChannelHandlerContext.bind(AbstractChannelHandlerContext.java:486)
	at io.netty.channel.DefaultChannelPipeline.bind(DefaultChannelPipeline.java:989)
	at io.netty.channel.AbstractChannel.bind(AbstractChannel.java:254)
	at io.netty.bootstrap.AbstractBootstrap$2.run(AbstractBootstrap.java:364)
	at io.netty.util.concurrent.AbstractEventExecutor.safeExecute(AbstractEventExecutor.java:163)
	at io.netty.util.concurrent.SingleThreadEventExecutor.runAllTasks(SingleThreadEventExecutor.java:403)
	at io.netty.channel.nio.NioEventLoop.run(NioEventLoop.java:463)
	at io.netty.util.concurrent.SingleThreadEventExecutor$5.run(SingleThreadEventExecutor.java:858)
	at io.netty.util.concurrent.DefaultThreadFactory$DefaultRunnableDecorator.run(DefaultThreadFactory.java:138)
	at java.base/java.lang.Thread.run(Thread.java:835)
20/02/25 21:09:20 INFO SparkContext: Successfully stopped SparkContext
</system-err>
  </testcase>
</testsuite>